<?xml version="1.0" encoding="UTF-8"?>
<testsuite xmlns:xsi="http://www.w3.org/2001/XMLSchema-instance" xsi:noNamespaceSchemaLocation="https://maven.apache.org/surefire/maven-surefire-plugin/xsd/surefire-test-report-3.0.xsd" version="3.0" name="uk.ac.rhul.cs2800.ReversePolishCalculatorTest" time="0.106" tests="5" errors="0" skipped="0" failures="0">
  <properties>
[...]
</properties>
  <testcase name="subtract" classname="uk.ac.rhul.cs2800.ReversePolishCalculatorTest" time="0.013"/>
  <testcase name="divide" classname="uk.ac.rhul.cs2800.ReversePolishCalculatorTest" time="0.011"/>
  <testcase name="exceptionHandling" classname="uk.ac.rhul.cs2800.ReversePolishCalculatorTest" time="0.022"/>
  <testcase name="add" classname="uk.ac.rhul.cs2800.ReversePolishCalculatorTest" time="0.042"/>
  <testcase name="multiply" classname="uk.ac.rhul.cs2800.ReversePolishCalculatorTest" time="0.01"/>
</testsuite>